05-02-2020 12:18:04.076 [main] DEBUG o.s.web.context.ContextLoader.prepareWebApplicationContext - Published root WebApplicationContext as ServletContext attribute with name [org.springframework.web.context.WebApplicationContext.ROOT]
05-02-2020 12:18:04.079 [main] INFO  o.s.web.context.ContextLoader.prepareWebApplicationContext - Root WebApplicationContext: initialization completed in 1528 ms
05-02-2020 12:18:06.268 [main] DEBUG o.s.w.s.m.m.a.RequestMappingHandlerAdapter.initControllerAdviceCache - ControllerAdvice beans: 0 @ModelAttribute, 0 @InitBinder, 1 RequestBodyAdvice, 1 ResponseBodyAdvice
05-02-2020 12:18:06.302 [main] DEBUG o.s.w.s.m.m.a.RequestMappingHandlerMapping.handlerMethodsInitialized - 6 mappings in 'requestMappingHandlerMapping'
05-02-2020 12:18:06.324 [main] DEBUG o.s.w.s.c.a.WebMvcConfigurer.addResourceHandlers - Default resource handling disabled
05-02-2020 12:18:06.332 [main] DEBUG o.s.w.s.m.m.a.ExceptionHandlerExceptionResolver.initExceptionHandlerAdviceCache - ControllerAdvice beans: 2 @ExceptionHandler, 1 ResponseBodyAdvice
05-02-2020 12:28:39.152 [http-nio-8080-exec-1] INFO  o.s.web.servlet.DispatcherServlet.initServletBean - Initializing Servlet 'dispatcherServlet'
05-02-2020 12:28:39.152 [http-nio-8080-exec-1] DEBUG o.s.web.servlet.DispatcherServlet.initMultipartResolver - Detected StandardServletMultipartResolver
05-02-2020 12:28:39.164 [http-nio-8080-exec-1] DEBUG o.s.web.servlet.DispatcherServlet.initServletBean - enableLoggingRequestDetails='false': request parameters and headers will be masked to prevent unsafe logging of potentially sensitive data
05-02-2020 12:28:39.164 [http-nio-8080-exec-1] INFO  o.s.web.servlet.DispatcherServlet.initServletBean - Completed initialization in 12 ms
05-02-2020 12:28:39.172 [http-nio-8080-exec-1] DEBUG o.s.web.servlet.DispatcherServlet.traceDebug - POST "/authenticate", parameters={}
05-02-2020 12:28:39.174 [http-nio-8080-exec-1] DEBUG o.s.w.s.m.m.a.RequestMappingHandlerMapping.getHandler - Mapped to se.kth.iv1201.recruitmentbackend.presentation.controller.AuthenticationController#authenticate(LoginForm)
05-02-2020 12:28:39.217 [http-nio-8080-exec-1] DEBUG o.s.w.s.m.m.a.RequestResponseBodyMethodProcessor.traceDebug - Read "application/json;charset=UTF-8" to [LoginForm(username=fa, password=då)]
05-02-2020 12:28:40.579 [http-nio-8080-exec-1] DEBUG o.s.w.s.m.m.a.HttpEntityMethodProcessor.writeWithMessageConverters - Using 'application/json', given [*/*] and supported [application/json, application/*+json, application/json, application/*+json]
05-02-2020 12:28:40.580 [http-nio-8080-exec-1] DEBUG o.s.w.s.m.m.a.HttpEntityMethodProcessor.traceDebug - Writing [LoginResponse(jwtToken=eyJhbGciOiJIUzUxMiJ9.eyJzdWIiOiJmYSIsInJvbGVzIjoiW1JPTEVfQVBQTElDQU5UXSIsImV4 (truncated)...]
05-02-2020 12:28:40.585 [http-nio-8080-exec-1] DEBUG o.s.web.servlet.DispatcherServlet.logResult - Completed 200 OK
05-02-2020 16:55:32.198 [main] DEBUG o.s.web.context.ContextLoader.prepareWebApplicationContext - Published root WebApplicationContext as ServletContext attribute with name [org.springframework.web.context.WebApplicationContext.ROOT]
05-02-2020 16:55:32.198 [main] INFO  o.s.web.context.ContextLoader.prepareWebApplicationContext - Root WebApplicationContext: initialization completed in 1435 ms
05-02-2020 16:55:34.766 [main] DEBUG o.s.w.s.m.m.a.RequestMappingHandlerAdapter.initControllerAdviceCache - ControllerAdvice beans: 0 @ModelAttribute, 0 @InitBinder, 1 RequestBodyAdvice, 1 ResponseBodyAdvice
05-02-2020 16:55:34.811 [main] DEBUG o.s.w.s.m.m.a.RequestMappingHandlerMapping.handlerMethodsInitialized - 6 mappings in 'requestMappingHandlerMapping'
05-02-2020 16:55:34.837 [main] DEBUG o.s.w.s.c.a.WebMvcConfigurer.addResourceHandlers - Default resource handling disabled
05-02-2020 16:55:34.847 [main] DEBUG o.s.w.s.m.m.a.ExceptionHandlerExceptionResolver.initExceptionHandlerAdviceCache - ControllerAdvice beans: 2 @ExceptionHandler, 1 ResponseBodyAdvice
05-02-2020 16:58:19.745 [http-nio-8080-exec-2] INFO  o.s.web.servlet.DispatcherServlet.initServletBean - Initializing Servlet 'dispatcherServlet'
05-02-2020 16:58:19.746 [http-nio-8080-exec-2] DEBUG o.s.web.servlet.DispatcherServlet.initMultipartResolver - Detected StandardServletMultipartResolver
05-02-2020 16:58:19.759 [http-nio-8080-exec-2] DEBUG o.s.web.servlet.DispatcherServlet.initServletBean - enableLoggingRequestDetails='false': request parameters and headers will be masked to prevent unsafe logging of potentially sensitive data
05-02-2020 16:58:19.759 [http-nio-8080-exec-2] INFO  o.s.web.servlet.DispatcherServlet.initServletBean - Completed initialization in 14 ms
05-02-2020 16:58:19.768 [http-nio-8080-exec-2] DEBUG o.s.web.servlet.DispatcherServlet.traceDebug - POST "/authenticate", parameters={}
05-02-2020 16:58:19.770 [http-nio-8080-exec-2] DEBUG o.s.w.s.m.m.a.RequestMappingHandlerMapping.getHandler - Mapped to se.kth.iv1201.recruitmentbackend.presentation.controller.AuthenticationController#authenticate(LoginForm)
05-02-2020 16:58:19.823 [http-nio-8080-exec-2] DEBUG o.s.w.s.m.m.a.RequestResponseBodyMethodProcessor.traceDebug - Read "application/json;charset=UTF-8" to [LoginForm(username=fa, password=då)]
05-02-2020 16:58:21.274 [http-nio-8080-exec-2] DEBUG o.s.w.s.m.m.a.HttpEntityMethodProcessor.writeWithMessageConverters - Using 'application/json', given [*/*] and supported [application/json, application/*+json, application/json, application/*+json]
05-02-2020 16:58:21.274 [http-nio-8080-exec-2] DEBUG o.s.w.s.m.m.a.HttpEntityMethodProcessor.traceDebug - Writing [LoginResponse(jwtToken=eyJhbGciOiJIUzUxMiJ9.eyJzdWIiOiJmYSIsInJvbGVzIjoiW1JPTEVfQVBQTElDQU5UXSIsImV4 (truncated)...]
05-02-2020 16:58:21.280 [http-nio-8080-exec-2] DEBUG o.s.web.servlet.DispatcherServlet.logResult - Completed 200 OK
